Arguments: 
  /usr/local/bin/node /Users/rellycheng/.yarn/bin/yarn.js add @openzeppelin/upgrades

PATH: 
  /Users/rellycheng/.yarn/bin:/Users/rellycheng/.config/yarn/global/node_modules/.bin:/usr/local/bin:/usr/bin:/bin:/usr/sbin:/sbin:/Users/rellycheng/.yarn/bin:/Users/rellycheng/.config/yarn/global/node_modules/.bin:

Yarn version: 
  1.22.4

Node version: 
  16.14.0

Platform: 
  darwin x64

Trace: 
  Error: https://github.com/web3-js/scrypt-shim: ESOCKETTIMEDOUT
      at ClientRequest.<anonymous> (/Users/rellycheng/.yarn/lib/cli.js:141375:19)
      at Object.onceWrapper (node:events:639:28)
      at ClientRequest.emit (node:events:520:28)
      at TLSSocket.emitRequestTimeout (node:_http_client:758:9)
      at Object.onceWrapper (node:events:639:28)
      at TLSSocket.emit (node:events:532:35)
      at TLSSocket.Socket._onTimeout (node:net:501:8)
      at listOnTimeout (node:internal/timers:559:17)
      at processTimers (node:internal/timers:502:7)

npm manifest: 
  {
    "name": "my-nft",
    "version": "1.0.0",
    "description": "",
    "main": "index.js",
    "scripts": {
      "test": "echo \"Error: no test specified\" && exit 1"
    },
    "author": "",
    "license": "ISC",
    "devDependencies": {
      "hardhat": "^2.9.3"
    },
    "dependencies": {
      "@openzeppelin/contracts": "^4.6.0"
    }
  }

yarn manifest: 
  No manifest

Lockfile: 
  No lockfile
